[+] Containers:
 |- [+] Container: /Game/ThirdPerson/Maps/ThirdPersonMap
 |   |- [+] ActorDescs:
 |   |   |- Guid:0AF7C656442054009B44998CD81AFFC7 BaseClass: NativeClass:/Script/Engine.SpotLight Name:SpotLight_UAID_7C8AE15B0B876C5D01_1904569379 Label:SpotLight SpatiallyLoaded:1 Bounds:IsValid=true, Min=(X=1515.507 Y=228.135 Z=-906.326), Max=(X=2905.670 Y=1618.299 Z=483.838) RuntimeGrid:None EditorOnly:0 RuntimeOnly:0 HLODRelevant:0
 |   |   |- Guid:14188F3C4CA6628E1F1D258E5012B6DA BaseClass: NativeClass:/Script/Engine.StaticMeshActor Name:StaticMeshActor_UAID_7C8AE15B0B87495F01_1660148348 Label:Cylinder3 SpatiallyLoaded:1 Bounds:IsValid=true, Min=(X=2127.989 Y=-87.871 Z=1151.672), Max=(X=2377.989 Y=162.129 Z=1401.672) RuntimeGrid:None EditorOnly:0 RuntimeOnly:0 HLODRelevant:1
 |   |   |- Guid:1557160243594C2D8D779595BD2228C1 BaseClass: NativeClass:/Script/Engine.StaticMeshActor Name:StaticMeshActor_UAID_7C8AE15B0B87495F01_1556383342 Label:Cube7 SpatiallyLoaded:1 Bounds:IsValid=true, Min=(X=1828.418 Y=4407.736 Z=132.734), Max=(X=2483.780 Y=5022.559 Z=867.856) RuntimeGrid:None EditorOnly:0 RuntimeOnly:0 HLODRelevant:1
 |   |   |- Guid:1B68BA6F45CE189FE9E59590B52A4C09 BaseClass: NativeClass:/Script/CinematicCamera.CameraRig_Rail Name:CameraRig_Rail_UAID_7C8AE15B0B876C5D01_1958904381 Label:CameraRig_Rail SpatiallyLoaded:1 Bounds:IsValid=true, Min=(X=1428.634 Y=735.599 Z=-904.478), Max=(X=1528.634 Y=735.599 Z=-904.478) RuntimeGrid:None EditorOnly:0 RuntimeOnly:0 HLODRelevant:0
 |   |   |- Guid:2B8EBA1445D5586D65BDACA5A9ED0141 BaseClass: NativeClass:/Script/Engine.TriggerBox Name:TriggerBox_UAID_7C8AE15B0B876C5D01_1896283378 Label:TriggerBox SpatiallyLoaded:1 Bounds:IsValid=true, Min=(X=2150.000 Y=620.000 Z=30.000), Max=(X=2230.000 Y=700.000 Z=110.000) RuntimeGrid:None EditorOnly:0 RuntimeOnly:0 HLODRelevant:0
 |   |   |- Guid:2FB58999456391D349DC0F86DAC136ED BaseClass: NativeClass:/Script/Engine.SkyLight Name:SkyLight_1 Label:SkyLight SpatiallyLoaded:0 Bounds:IsValid=true, Min=(X=20.000 Y=0.000 Z=690.000), Max=(X=20.000 Y=0.000 Z=690.000) RuntimeGrid:None EditorOnly:0 RuntimeOnly:0 HLODRelevant:0 FolderPath:Lighting FolderGuid:963EC3EB4002CCE9759E2EBA541A873A
 |   |   |- Guid:316CF2A6494ACA4C0E4180A87D36AB8F BaseClass: NativeClass:/Script/Engine.ExponentialHeightFog Name:ExponentialHeightFog_0 Label:ExponentialHeightFog SpatiallyLoaded:0 Bounds:IsValid=true, Min=(X=-5600.000 Y=-50.000 Z=-6850.000), Max=(X=-5600.000 Y=-50.000 Z=-6850.000) RuntimeGrid:None EditorOnly:0 RuntimeOnly:0 HLODRelevant:0 FolderPath:Lighting FolderGuid:963EC3EB4002CCE9759E2EBA541A873A
 |   |   |- Guid:3693B4D8436410E7D20E7B8ABF6411E5 BaseClass: NativeClass:/Script/Engine.StaticMeshActor Name:StaticMeshActor_UAID_7C8AE15B0B87495F01_1678261351 Label:Cone4 SpatiallyLoaded:1 Bounds:IsValid=true, Min=(X=-1318.158 Y=4198.438 Z=3046.193), Max=(X=759.869 Y=5673.438 Z=5124.220) RuntimeGrid:None EditorOnly:0 RuntimeOnly:0 HLODRelevant:1
 |   |   |- Guid:3A00AA1C422CE54C0BDB60BAF471BFBB BaseClass: NativeClass:/Script/Engine.PlayerStart Name:PlayerStart_0 Label:PlayerStart SpatiallyLoaded:0 Bounds:IsValid=true, Min=(X=450.000 Y=1070.000 Z=0.013), Max=(X=530.000 Y=1150.000 Z=184.013) RuntimeGrid:None EditorOnly:0 RuntimeOnly:0 HLODRelevant:0
 |   |   |- Guid:4D3BE93F4146AAAC8BBE79999D96D57F BaseClass: NativeClass:/Script/Engine.VolumetricCloud Name:VolumetricCloud_0 Label:VolumetricCloud SpatiallyLoaded:0 Bounds:IsValid=true, Min=(X=20.000 Y=0.000 Z=820.000), Max=(X=20.000 Y=0.000 Z=820.000) RuntimeGrid:None EditorOnly:0 RuntimeOnly:0 HLODRelevant:0 FolderPath:Lighting FolderGuid:963EC3EB4002CCE9759E2EBA541A873A
 |   |   |- Guid:54EC4EF5432DAFF2C1989390EE5D1633 BaseClass: NativeClass:/Script/Engine.StaticMeshActor Name:StaticMeshActor_UAID_7C8AE15B0B87495F01_1493776336 Label:Cube6 SpatiallyLoaded:1 Bounds:IsValid=true, Min=(X=2466.125 Y=2023.030 Z=1191.615), Max=(X=2964.444 Y=2496.971 Z=1754.728) RuntimeGrid:None EditorOnly:0 RuntimeOnly:0 HLODRelevant:1
 |   |   |- Guid:55D165AD40034DF393A4E9B08BE2C34C BaseClass: NativeClass:/Script/Engine.StaticMeshActor Name:StaticMeshActor_UAID_7C8AE15B0B87495F01_1684829352 Label:Cube12 SpatiallyLoaded:1 Bounds:IsValid=true, Min=(X=461.984 Y=2268.525 Z=887.073), Max=(X=1050.900 Y=2796.837 Z=1532.105) RuntimeGrid:None EditorOnly:0 RuntimeOnly:0 HLODRelevant:1
 |   |   |- Guid:5B97F4A64FB21F77EFC44386BF705B4C BaseClass: NativeClass:/Script/Engine.TextRenderActor Name:TextRenderActor_1 Label:TextRenderActor SpatiallyLoaded:1 Bounds:IsValid=true, Min=(X=19.900 Y=1100.000 Z=65.013), Max=(X=19.900 Y=2392.308 Z=215.013) RuntimeGrid:None EditorOnly:0 RuntimeOnly:0 HLODRelevant:0
 |   |   |- Guid:5D0F8C4C46319D853008DA840D687F98 BaseClass: NativeClass:/Script/UnrealEd.AnimationThumbnailSkeletalMeshActor Name:AnimationThumbnailSkeletalMeshActor_UAID_7C8AE15B0B876C5D01_2083540387 Label:AnimationThumbnailSkeletalMeshActor SpatiallyLoaded:1 Bounds:IsValid=true, Min=(X=0.000 Y=0.000 Z=0.000), Max=(X=0.000 Y=0.000 Z=0.000) RuntimeGrid:None EditorOnly:0 RuntimeOnly:0 HLODRelevant:0
 |   |   |- Guid:5DE3DA9A46F139F3F886F795F87464B7 BaseClass: NativeClass:/Script/Engine.StaticMeshActor Name:StaticMeshActor_UAID_7C8AE15B0B87495F01_1509839337 Label:Sphere2 SpatiallyLoaded:1 Bounds:IsValid=true, Min=(X=-1253.150 Y=1767.500 Z=569.176), Max=(X=-606.850 Y=1992.500 Z=1190.824) RuntimeGrid:None EditorOnly:0 RuntimeOnly:0 HLODRelevant:1
 |   |   |- Guid:6537C1EC46642FE65484B3A05C770FF0 BaseClass: NativeClass:/Script/Engine.StaticMeshActor Name:StaticMeshActor_UAID_7C8AE15B0B87495F01_1522289340 Label:Cone SpatiallyLoaded:1 Bounds:IsValid=true, Min=(X=377.268 Y=4692.500 Z=1297.268), Max=(X=1162.732 Y=5267.500 Z=2082.732) RuntimeGrid:None EditorOnly:0 RuntimeOnly:0 HLODRelevant:1
 |   |   |- Guid:66DECE0A4ECD000ED4A86DA70A61A46B BaseClass: NativeClass:/Script/Engine.StaticMeshActor Name:StaticMeshActor_UAID_7C8AE15B0B87495F01_1389578333 Label:Cube3 SpatiallyLoaded:1 Bounds:IsValid=true, Min=(X=-1465.140 Y=2604.932 Z=-257.196), Max=(X=-763.805 Y=3304.932 Z=450.301) RuntimeGrid:None EditorOnly:0 RuntimeOnly:0 HLODRelevant:1
 |   |   |- Guid:6BAF4DDD444C60371492D3919DB42C97 BaseClass: NativeClass:/Script/Engine.WorldDataLayers Name:WorldDataLayers Label:WorldDataLayers SpatiallyLoaded:0 Bounds:IsValid=true, Min=(X=0.000 Y=0.000 Z=0.000), Max=(X=0.000 Y=0.000 Z=0.000) RuntimeGrid:None EditorOnly:0 RuntimeOnly:0 HLODRelevant:0
 |   |   |- Guid:6D1688614F58146915490D846CFB7CFE BaseClass: NativeClass:/Script/Engine.StaticMeshActor Name:StaticMeshActor_UAID_7C8AE15B0B87495F01_1742739354 Label:Cone5 SpatiallyLoaded:1 Bounds:IsValid=true, Min=(X=423.337 Y=-6335.157 Z=891.040), Max=(X=2888.793 Y=-4585.157 Z=3356.496) RuntimeGrid:None EditorOnly:0 RuntimeOnly:0 HLODRelevant:1
 |   |   |- Guid:6F742263489264D371DCC9BA3628B83E BaseClass: NativeClass:/Script/Engine.StaticMeshActor Name:StaticMeshActor_UAID_7C8AE15B0B87495F01_1693602353 Label:Sphere5 SpatiallyLoaded:1 Bounds:IsValid=true, Min=(X=-575.194 Y=2577.061 Z=323.437), Max=(X=71.106 Y=2802.061 Z=945.086) RuntimeGrid:None EditorOnly:0 RuntimeOnly:0 HLODRelevant:1
 |   |   |- Guid:7677FD134C3C213F1F6D9DA7A54AC7CF BaseClass: NativeClass:/Script/Engine.StaticMeshActor Name:StaticMeshActor_UAID_7C8AE15B0B87495F01_1674146350 Label:Cube11 SpatiallyLoaded:1 Bounds:IsValid=true, Min=(X=3038.128 Y=-133.961 Z=1144.334), Max=(X=4439.450 Y=1150.058 Z=2696.495) RuntimeGrid:None EditorOnly:0 RuntimeOnly:0 HLODRelevant:1
 |   |   |- Guid:7BF35F484A458A1BE0960AA0F6F44E58 BaseClass: NativeClass:/Script/Engine.StaticMeshActor Name:StaticMeshActor_UAID_7C8AE15B0B87495F01_1511793338 Label:Sphere3 SpatiallyLoaded:1 Bounds:IsValid=true, Min=(X=-1253.150 Y=1569.581 Z=594.026), Max=(X=-606.850 Y=2190.419 Z=1165.974) RuntimeGrid:None EditorOnly:0 RuntimeOnly:0 HLODRelevant:1
 |   |   |- Guid:7C383177431CA1B90F504AAC142C3296 BaseClass: NativeClass:/Script/Engine.StaticMeshActor Name:StaticMeshActor_UAID_7C8AE15B0B876C5D01_1932881380 Label:Cube SpatiallyLoaded:1 Bounds:IsValid=true, Min=(X=1300.000 Y=2110.000 Z=-0.000), Max=(X=1400.000 Y=2210.000 Z=100.000) RuntimeGrid:None EditorOnly:0 RuntimeOnly:0 HLODRelevant:1
 |   |   |- Guid:8778AE3B48D23C42D5F28C9A725F2586 BaseClass: NativeClass:/Script/Engine.StaticMeshActor Name:StaticMeshActor_UAID_7C8AE15B0B87495F01_1572231343 Label:Cylinder SpatiallyLoaded:1 Bounds:IsValid=true, Min=(X=1063.148 Y=-851.871 Z=182.437), Max=(X=1313.148 Y=-601.871 Z=432.437) RuntimeGrid:None EditorOnly:0 RuntimeOnly:0 HLODRelevant:1
 |   |   |- Guid:916B47064D331A13439AF28EEC2DC392 BaseClass: NativeClass:/Script/Engine.KillZVolume Name:KillZVolume_UAID_7C8AE15B0B876C5D01_2032578386 Label:KillZVolume SpatiallyLoaded:1 Bounds:IsValid=true, Min=(X=-8300.000 Y=-9040.000 Z=-310.000), Max=(X=11700.000 Y=10960.000 Z=-110.000) RuntimeGrid:None EditorOnly:0 RuntimeOnly:0 HLODRelevant:0
 |   |   |- Guid:939BD17844DD72CFDCDEFDAF3CB92F49 BaseClass: NativeClass:/Script/Engine.SpotLight Name:SpotLight_UAID_7C8AE15B0B87485F01_1191183151 Label:SpotLight2 SpatiallyLoaded:1 Bounds:IsValid=true, Min=(X=1650.778 Y=-339.951 Z=-1117.568), Max=(X=3040.942 Y=1050.213 Z=272.596) RuntimeGrid:None EditorOnly:0 RuntimeOnly:0 HLODRelevant:0
 |   |   |- Guid:9CCC7A6F44A28793E41E0E90027EE5BD BaseClass: NativeClass:/Script/Engine.StaticMeshActor Name:StaticMeshActor_UAID_7C8AE15B0B87495F01_1638677347 Label:Cone3 SpatiallyLoaded:1 Bounds:IsValid=true, Min=(X=4076.902 Y=4477.366 Z=-301.248), Max=(X=4813.886 Y=5052.366 Z=435.737) RuntimeGrid:None EditorOnly:0 RuntimeOnly:0 HLODRelevant:1
 |   |   |- Guid:A2D7F666459DA6F106DA7DB118B8DF51 BaseClass: NativeClass:/Script/Engine.StaticMeshActor Name:StaticMeshActor_UAID_7C8AE15B0B87495F01_1513823339 Label:Sphere4 SpatiallyLoaded:1 Bounds:IsValid=true, Min=(X=-1149.743 Y=1547.629 Z=594.026), Max=(X=-710.257 Y=2212.371 Z=1165.974) RuntimeGrid:None EditorOnly:0 RuntimeOnly:0 HLODRelevant:1
 |   |   |- Guid:A4A6D0E94136C95221083B9F79328008 BaseClass: NativeClass:/Script/Engine.StaticMeshActor Name:StaticMeshActor_UAID_7C8AE15B0B87495F01_1596023344 Label:Cylinder2 SpatiallyLoaded:1 Bounds:IsValid=true, Min=(X=-1019.162 Y=-642.819 Z=-44.076), Max=(X=-594.162 Y=-44.065 Z=554.678) RuntimeGrid:None EditorOnly:0 RuntimeOnly:0 HLODRelevant:1
 |   |   |- Guid:A8D324174759A0F6BDA2CCBF622C56BA BaseClass: NativeClass:/Script/Engine.StaticMeshActor Name:StaticMeshActor_UAID_7C8AE15B0B87495F01_1627658346 Label:Cube9 SpatiallyLoaded:1 Bounds:IsValid=true, Min=(X=4634.623 Y=1617.991 Z=-1362.909), Max=(X=6035.945 Y=2902.010 Z=189.252) RuntimeGrid:None EditorOnly:0 RuntimeOnly:0 HLODRelevant:1
 |   |   |- Guid:B530E3FD473E37935C461591B9C84B47 BaseClass: NativeClass:/Script/Engine.StaticMeshActor Name:StaticMeshActor_UAID_7C8AE15B0B87495F01_1467342334 Label:Cube4 SpatiallyLoaded:1 Bounds:IsValid=true, Min=(X=-1460.554 Y=2604.932 Z=-240.378), Max=(X=-768.391 Y=3304.932 Z=433.484) RuntimeGrid:None EditorOnly:0 RuntimeOnly:0 HLODRelevant:1
 |   |   |- Guid:B785ED2844B84CFB91E7F39FE661CD99 BaseClass: NativeClass:/Script/Engine.DirectionalLight Name:DirectionalLight_0 Label:DirectionalLight SpatiallyLoaded:0 Bounds:IsValid=true, Min=(X=-4398046511104.000 Y=-4398046511104.000 Z=-4398046511104.000), Max=(X=4398046511104.000 Y=4398046511104.000 Z=4398046511104.000) RuntimeGrid:None EditorOnly:0 RuntimeOnly:0 HLODRelevant:0 FolderPath:Lighting FolderGuid:963EC3EB4002CCE9759E2EBA541A873A
 |   |   |- Guid:BA8465A84F04131F715F97AB909EC55E BaseClass: NativeClass:/Script/Engine.StaticMeshActor Name:StaticMeshActor_UAID_7C8AE15B0B87495F01_1667183349 Label:Cube10 SpatiallyLoaded:1 Bounds:IsValid=true, Min=(X=2466.125 Y=603.030 Z=2441.615), Max=(X=2964.444 Y=1076.971 Z=3004.728) RuntimeGrid:None EditorOnly:0 RuntimeOnly:0 HLODRelevant:1
 |   |   |- Guid:BE23321840E371F1002C83A93C9BA4F8 BaseClass: NativeClass:/Script/Engine.VolumetricCloud Name:VolumetricCloud_UAID_7C8AE15B0B876C5D01_1970106382 Label:VolumetricCloud2 SpatiallyLoaded:0 Bounds:IsValid=true, Min=(X=1930.000 Y=2000.000 Z=90.000), Max=(X=1930.000 Y=2000.000 Z=90.000) RuntimeGrid:None EditorOnly:0 RuntimeOnly:0 HLODRelevant:0
 |   |   |- Guid:C44414E14FF8ADFB60089C9BBEE608B5 BaseClass: NativeClass:/Script/Engine.StaticMeshActor Name:StaticMeshActor_UAID_7C8AE15B0B87495F01_1752718355 Label:Cone6 SpatiallyLoaded:1 Bounds:IsValid=true, Min=(X=860.208 Y=-4337.594 Z=4596.008), Max=(X=3669.930 Y=-1437.220 Z=7292.726) RuntimeGrid:None EditorOnly:0 RuntimeOnly:0 HLODRelevant:1
 |   |   |- Guid:CCFF262C46EEFFDF319E7F9539CE697E BaseClass: NativeClass:/Script/Engine.SkyAtmosphere Name:SkyAtmosphere_0 Label:SkyAtmosphere SpatiallyLoaded:0 Bounds:IsValid=true, Min=(X=20.000 Y=0.000 Z=1020.000), Max=(X=20.000 Y=0.000 Z=1020.000) RuntimeGrid:None EditorOnly:0 RuntimeOnly:0 HLODRelevant:0 FolderPath:Lighting FolderGuid:963EC3EB4002CCE9759E2EBA541A873A
 |   |   |- Guid:DD65C76947BD98660734D0A6E7A84636 BaseClass: NativeClass:/Script/Engine.StaticMeshActor Name:StaticMeshActor_UAID_7C8AE15B0B87495F01_1479783335 Label:Cube5 SpatiallyLoaded:1 Bounds:IsValid=true, Min=(X=1271.478 Y=2089.558 Z=1363.996), Max=(X=1428.522 Y=2230.442 Z=1536.004) RuntimeGrid:None EditorOnly:0 RuntimeOnly:0 HLODRelevant:1
 |   |   |- Guid:DEAA9BE74437B1C64F1872BDC3183A7F BaseClass: NativeClass:/Script/CinematicCamera.CameraRig_Rail Name:CameraRig_Rail_UAID_7C8AE15B0B876C5D01_1999810385 Label:CameraRig_Rail SpatiallyLoaded:1 Bounds:IsValid=true, Min=(X=1230.000 Y=680.000 Z=90.000), Max=(X=1330.000 Y=680.000 Z=90.000) RuntimeGrid:None EditorOnly:0 RuntimeOnly:0 HLODRelevant:0
 |   |   |- Guid:EC4E0C944CE6AC6E784BC6BB2916EA13 BaseClass: NativeClass:/Script/Engine.StaticMeshActor Name:StaticMeshActor_UAID_A4AE111137DC5EFB00_1110535423 Label:SM_SkySphere SpatiallyLoaded:0 Bounds:IsValid=true, Min=(X=-1638380.000 Y=-1638400.000 Z=-1638400.000), Max=(X=1638420.000 Y=1638400.000 Z=1638400.000) RuntimeGrid:None EditorOnly:0 RuntimeOnly:0 HLODRelevant:1 FolderPath:Lighting FolderGuid:963EC3EB4002CCE9759E2EBA541A873A
 |   |   |- Guid:F1924B8D48954B30891B2DB6A694F9CC BaseClass: NativeClass:/Script/Engine.StaticMeshActor Name:StaticMeshActor_1 Label:SM_Cube SpatiallyLoaded:1 Bounds:IsValid=true, Min=(X=20.000 Y=0.000 Z=-50.000), Max=(X=3020.000 Y=3500.000 Z=0.000) RuntimeGrid:None EditorOnly:0 RuntimeOnly:0 HLODRelevant:1 FolderPath:Playground FolderGuid:C73F09FC4215536B1DCE2A9E0A830C70
 |   |   |- Guid:F1F842A2406DD1417CFC8F960F61E4C3 BaseClass: NativeClass:/Script/Engine.StaticMeshActor Name:StaticMeshActor_UAID_7C8AE15B0B87495F01_1608403345 Label:Cube8 SpatiallyLoaded:1 Bounds:IsValid=true, Min=(X=5086.125 Y=2023.030 Z=1191.615), Max=(X=5584.444 Y=2496.971 Z=1754.728) RuntimeGrid:None EditorOnly:0 RuntimeOnly:0 HLODRelevant:1
 |   |   |- Guid:F5C2AFF249899712DF4766B4ED3BB335 BaseClass: NativeClass:/Script/Engine.StaticMeshActor Name:StaticMeshActor_UAID_7C8AE15B0B87485F01_2131059153 Label:Sphere SpatiallyLoaded:1 Bounds:IsValid=true, Min=(X=-1205.000 Y=1767.500 Z=705.000), Max=(X=-655.000 Y=1992.500 Z=1055.000) RuntimeGrid:None EditorOnly:0 RuntimeOnly:0 HLODRelevant:1
 |   |   |- Guid:F5E3FEB3450C49844FD93DA8E083C8AD BaseClass: NativeClass:/Script/Engine.PostProcessVolume Name:PostProcessVolume_0 Label:PostProcessVolume SpatiallyLoaded:0 Bounds:IsValid=true, Min=(X=0.000 Y=0.000 Z=400.000), Max=(X=200.000 Y=200.000 Z=600.000) RuntimeGrid:None EditorOnly:0 RuntimeOnly:0 HLODRelevant:0 FolderPath:Lighting FolderGuid:963EC3EB4002CCE9759E2EBA541A873A
 |   |   |- Guid:F61EDD9F4F08312C0912B39D8604EA0B BaseClass: NativeClass:/Script/Engine.StaticMeshActor Name:StaticMeshActor_UAID_7C8AE15B0B87485F01_2111203152 Label:Cube2 SpatiallyLoaded:1 Bounds:IsValid=true, Min=(X=3870.000 Y=1890.000 Z=10.000), Max=(X=3970.000 Y=1990.000 Z=110.000) RuntimeGrid:None EditorOnly:0 RuntimeOnly:0 HLODRelevant:1
 |   |   |- Guid:FD4947FD48A3AA825FA2D185F21AAF0D BaseClass: NativeClass:/Script/Engine.StaticMeshActor Name:StaticMeshActor_UAID_7C8AE15B0B87495F01_1547624341 Label:Cone2 SpatiallyLoaded:1 Bounds:IsValid=true, Min=(X=2444.961 Y=4692.500 Z=1284.961), Max=(X=3255.039 Y=5267.500 Z=2095.039) RuntimeGrid:None EditorOnly:0 RuntimeOnly:0 HLODRelevant:1
 |   |- [+] Clusters:
 |   |   |- [+] [  0]
 |   |   |   |- Guid:6BAF4DDD444C60371492D3919DB42C97 BaseClass: NativeClass:/Script/Engine.WorldDataLayers Name:WorldDataLayers Label:WorldDataLayers SpatiallyLoaded:0 Bounds:IsValid=true, Min=(X=0.000 Y=0.000 Z=0.000), Max=(X=0.000 Y=0.000 Z=0.000) RuntimeGrid:None EditorOnly:0 RuntimeOnly:0 HLODRelevant:0
 |   |   |- [+] [  1]
 |   |   |   |- Guid:1B68BA6F45CE189FE9E59590B52A4C09 BaseClass: NativeClass:/Script/CinematicCamera.CameraRig_Rail Name:CameraRig_Rail_UAID_7C8AE15B0B876C5D01_1958904381 Label:CameraRig_Rail SpatiallyLoaded:1 Bounds:IsValid=true, Min=(X=1428.634 Y=735.599 Z=-904.478), Max=(X=1528.634 Y=735.599 Z=-904.478) RuntimeGrid:None EditorOnly:0 RuntimeOnly:0 HLODRelevant:0
 |   |   |- [+] [  2]
 |   |   |   |- Guid:F5E3FEB3450C49844FD93DA8E083C8AD BaseClass: NativeClass:/Script/Engine.PostProcessVolume Name:PostProcessVolume_0 Label:PostProcessVolume SpatiallyLoaded:0 Bounds:IsValid=true, Min=(X=0.000 Y=0.000 Z=400.000), Max=(X=200.000 Y=200.000 Z=600.000) RuntimeGrid:None EditorOnly:0 RuntimeOnly:0 HLODRelevant:0 FolderPath:Lighting FolderGuid:963EC3EB4002CCE9759E2EBA541A873A
 |   |   |- [+] [  3]
 |   |   |   |- Guid:5B97F4A64FB21F77EFC44386BF705B4C BaseClass: NativeClass:/Script/Engine.TextRenderActor Name:TextRenderActor_1 Label:TextRenderActor SpatiallyLoaded:1 Bounds:IsValid=true, Min=(X=19.900 Y=1100.000 Z=65.013), Max=(X=19.900 Y=2392.308 Z=215.013) RuntimeGrid:None EditorOnly:0 RuntimeOnly:0 HLODRelevant:0
 |   |   |- [+] [  4]
 |   |   |   |- Guid:4D3BE93F4146AAAC8BBE79999D96D57F BaseClass: NativeClass:/Script/Engine.VolumetricCloud Name:VolumetricCloud_0 Label:VolumetricCloud SpatiallyLoaded:0 Bounds:IsValid=true, Min=(X=20.000 Y=0.000 Z=820.000), Max=(X=20.000 Y=0.000 Z=820.000) RuntimeGrid:None EditorOnly:0 RuntimeOnly:0 HLODRelevant:0 FolderPath:Lighting FolderGuid:963EC3EB4002CCE9759E2EBA541A873A
 |   |   |- [+] [  5]
 |   |   |   |- Guid:BE23321840E371F1002C83A93C9BA4F8 BaseClass: NativeClass:/Script/Engine.VolumetricCloud Name:VolumetricCloud_UAID_7C8AE15B0B876C5D01_1970106382 Label:VolumetricCloud2 SpatiallyLoaded:0 Bounds:IsValid=true, Min=(X=1930.000 Y=2000.000 Z=90.000), Max=(X=1930.000 Y=2000.000 Z=90.000) RuntimeGrid:None EditorOnly:0 RuntimeOnly:0 HLODRelevant:0
 |   |   |- [+] [  6]
 |   |   |   |- Guid:CCFF262C46EEFFDF319E7F9539CE697E BaseClass: NativeClass:/Script/Engine.SkyAtmosphere Name:SkyAtmosphere_0 Label:SkyAtmosphere SpatiallyLoaded:0 Bounds:IsValid=true, Min=(X=20.000 Y=0.000 Z=1020.000), Max=(X=20.000 Y=0.000 Z=1020.000) RuntimeGrid:None EditorOnly:0 RuntimeOnly:0 HLODRelevant:0 FolderPath:Lighting FolderGuid:963EC3EB4002CCE9759E2EBA541A873A
 |   |   |- [+] [  7]
 |   |   |   |- Guid:EC4E0C944CE6AC6E784BC6BB2916EA13 BaseClass: NativeClass:/Script/Engine.StaticMeshActor Name:StaticMeshActor_UAID_A4AE111137DC5EFB00_1110535423 Label:SM_SkySphere SpatiallyLoaded:0 Bounds:IsValid=true, Min=(X=-1638380.000 Y=-1638400.000 Z=-1638400.000), Max=(X=1638420.000 Y=1638400.000 Z=1638400.000) RuntimeGrid:None EditorOnly:0 RuntimeOnly:0 HLODRelevant:1 FolderPath:Lighting FolderGuid:963EC3EB4002CCE9759E2EBA541A873A
 |   |   |- [+] [  8]
 |   |   |   |- Guid:B785ED2844B84CFB91E7F39FE661CD99 BaseClass: NativeClass:/Script/Engine.DirectionalLight Name:DirectionalLight_0 Label:DirectionalLight SpatiallyLoaded:0 Bounds:IsValid=true, Min=(X=-4398046511104.000 Y=-4398046511104.000 Z=-4398046511104.000), Max=(X=4398046511104.000 Y=4398046511104.000 Z=4398046511104.000) RuntimeGrid:None EditorOnly:0 RuntimeOnly:0 HLODRelevant:0 FolderPath:Lighting FolderGuid:963EC3EB4002CCE9759E2EBA541A873A
 |   |   |- [+] [  9]
 |   |   |   |- Guid:316CF2A6494ACA4C0E4180A87D36AB8F BaseClass: NativeClass:/Script/Engine.ExponentialHeightFog Name:ExponentialHeightFog_0 Label:ExponentialHeightFog SpatiallyLoaded:0 Bounds:IsValid=true, Min=(X=-5600.000 Y=-50.000 Z=-6850.000), Max=(X=-5600.000 Y=-50.000 Z=-6850.000) RuntimeGrid:None EditorOnly:0 RuntimeOnly:0 HLODRelevant:0 FolderPath:Lighting FolderGuid:963EC3EB4002CCE9759E2EBA541A873A
 |   |   |- [+] [ 10]
 |   |   |   |- Guid:0AF7C656442054009B44998CD81AFFC7 BaseClass: NativeClass:/Script/Engine.SpotLight Name:SpotLight_UAID_7C8AE15B0B876C5D01_1904569379 Label:SpotLight SpatiallyLoaded:1 Bounds:IsValid=true, Min=(X=1515.507 Y=228.135 Z=-906.326), Max=(X=2905.670 Y=1618.299 Z=483.838) RuntimeGrid:None EditorOnly:0 RuntimeOnly:0 HLODRelevant:0
 |   |   |- [+] [ 11]
 |   |   |   |- Guid:F1924B8D48954B30891B2DB6A694F9CC BaseClass: NativeClass:/Script/Engine.StaticMeshActor Name:StaticMeshActor_1 Label:SM_Cube SpatiallyLoaded:1 Bounds:IsValid=true, Min=(X=20.000 Y=0.000 Z=-50.000), Max=(X=3020.000 Y=3500.000 Z=0.000) RuntimeGrid:None EditorOnly:0 RuntimeOnly:0 HLODRelevant:1 FolderPath:Playground FolderGuid:C73F09FC4215536B1DCE2A9E0A830C70
 |   |   |- [+] [ 12]
 |   |   |   |- Guid:2FB58999456391D349DC0F86DAC136ED BaseClass: NativeClass:/Script/Engine.SkyLight Name:SkyLight_1 Label:SkyLight SpatiallyLoaded:0 Bounds:IsValid=true, Min=(X=20.000 Y=0.000 Z=690.000), Max=(X=20.000 Y=0.000 Z=690.000) RuntimeGrid:None EditorOnly:0 RuntimeOnly:0 HLODRelevant:0 FolderPath:Lighting FolderGuid:963EC3EB4002CCE9759E2EBA541A873A
 |   |   |- [+] [ 13]
 |   |   |   |- Guid:DEAA9BE74437B1C64F1872BDC3183A7F BaseClass: NativeClass:/Script/CinematicCamera.CameraRig_Rail Name:CameraRig_Rail_UAID_7C8AE15B0B876C5D01_1999810385 Label:CameraRig_Rail SpatiallyLoaded:1 Bounds:IsValid=true, Min=(X=1230.000 Y=680.000 Z=90.000), Max=(X=1330.000 Y=680.000 Z=90.000) RuntimeGrid:None EditorOnly:0 RuntimeOnly:0 HLODRelevant:0
 |   |   |- [+] [ 14]
 |   |   |   |- Guid:7C383177431CA1B90F504AAC142C3296 BaseClass: NativeClass:/Script/Engine.StaticMeshActor Name:StaticMeshActor_UAID_7C8AE15B0B876C5D01_1932881380 Label:Cube SpatiallyLoaded:1 Bounds:IsValid=true, Min=(X=1300.000 Y=2110.000 Z=-0.000), Max=(X=1400.000 Y=2210.000 Z=100.000) RuntimeGrid:None EditorOnly:0 RuntimeOnly:0 HLODRelevant:1
 |   |   |- [+] [ 15]
 |   |   |   |- Guid:2B8EBA1445D5586D65BDACA5A9ED0141 BaseClass: NativeClass:/Script/Engine.TriggerBox Name:TriggerBox_UAID_7C8AE15B0B876C5D01_1896283378 Label:TriggerBox SpatiallyLoaded:1 Bounds:IsValid=true, Min=(X=2150.000 Y=620.000 Z=30.000), Max=(X=2230.000 Y=700.000 Z=110.000) RuntimeGrid:None EditorOnly:0 RuntimeOnly:0 HLODRelevant:0
 |   |   |- [+] [ 16]
 |   |   |   |- Guid:3A00AA1C422CE54C0BDB60BAF471BFBB BaseClass: NativeClass:/Script/Engine.PlayerStart Name:PlayerStart_0 Label:PlayerStart SpatiallyLoaded:0 Bounds:IsValid=true, Min=(X=450.000 Y=1070.000 Z=0.013), Max=(X=530.000 Y=1150.000 Z=184.013) RuntimeGrid:None EditorOnly:0 RuntimeOnly:0 HLODRelevant:0
 |   |   |- [+] [ 17]
 |   |   |   |- Guid:916B47064D331A13439AF28EEC2DC392 BaseClass: NativeClass:/Script/Engine.KillZVolume Name:KillZVolume_UAID_7C8AE15B0B876C5D01_2032578386 Label:KillZVolume SpatiallyLoaded:1 Bounds:IsValid=true, Min=(X=-8300.000 Y=-9040.000 Z=-310.000), Max=(X=11700.000 Y=10960.000 Z=-110.000) RuntimeGrid:None EditorOnly:0 RuntimeOnly:0 HLODRelevant:0
 |   |   |- [+] [ 18]
 |   |   |   |- Guid:5D0F8C4C46319D853008DA840D687F98 BaseClass: NativeClass:/Script/UnrealEd.AnimationThumbnailSkeletalMeshActor Name:AnimationThumbnailSkeletalMeshActor_UAID_7C8AE15B0B876C5D01_2083540387 Label:AnimationThumbnailSkeletalMeshActor SpatiallyLoaded:1 Bounds:IsValid=true, Min=(X=0.000 Y=0.000 Z=0.000), Max=(X=0.000 Y=0.000 Z=0.000) RuntimeGrid:None EditorOnly:0 RuntimeOnly:0 HLODRelevant:0
 |   |   |- [+] [ 19]
 |   |   |   |- Guid:939BD17844DD72CFDCDEFDAF3CB92F49 BaseClass: NativeClass:/Script/Engine.SpotLight Name:SpotLight_UAID_7C8AE15B0B87485F01_1191183151 Label:SpotLight2 SpatiallyLoaded:1 Bounds:IsValid=true, Min=(X=1650.778 Y=-339.951 Z=-1117.568), Max=(X=3040.942 Y=1050.213 Z=272.596) RuntimeGrid:None EditorOnly:0 RuntimeOnly:0 HLODRelevant:0
 |   |   |- [+] [ 20]
 |   |   |   |- Guid:F61EDD9F4F08312C0912B39D8604EA0B BaseClass: NativeClass:/Script/Engine.StaticMeshActor Name:StaticMeshActor_UAID_7C8AE15B0B87485F01_2111203152 Label:Cube2 SpatiallyLoaded:1 Bounds:IsValid=true, Min=(X=3870.000 Y=1890.000 Z=10.000), Max=(X=3970.000 Y=1990.000 Z=110.000) RuntimeGrid:None EditorOnly:0 RuntimeOnly:0 HLODRelevant:1
 |   |   |- [+] [ 21]
 |   |   |   |- Guid:F5C2AFF249899712DF4766B4ED3BB335 BaseClass: NativeClass:/Script/Engine.StaticMeshActor Name:StaticMeshActor_UAID_7C8AE15B0B87485F01_2131059153 Label:Sphere SpatiallyLoaded:1 Bounds:IsValid=true, Min=(X=-1205.000 Y=1767.500 Z=705.000), Max=(X=-655.000 Y=1992.500 Z=1055.000) RuntimeGrid:None EditorOnly:0 RuntimeOnly:0 HLODRelevant:1
 |   |   |- [+] [ 22]
 |   |   |   |- Guid:66DECE0A4ECD000ED4A86DA70A61A46B BaseClass: NativeClass:/Script/Engine.StaticMeshActor Name:StaticMeshActor_UAID_7C8AE15B0B87495F01_1389578333 Label:Cube3 SpatiallyLoaded:1 Bounds:IsValid=true, Min=(X=-1465.140 Y=2604.932 Z=-257.196), Max=(X=-763.805 Y=3304.932 Z=450.301) RuntimeGrid:None EditorOnly:0 RuntimeOnly:0 HLODRelevant:1
 |   |   |- [+] [ 23]
 |   |   |   |- Guid:B530E3FD473E37935C461591B9C84B47 BaseClass: NativeClass:/Script/Engine.StaticMeshActor Name:StaticMeshActor_UAID_7C8AE15B0B87495F01_1467342334 Label:Cube4 SpatiallyLoaded:1 Bounds:IsValid=true, Min=(X=-1460.554 Y=2604.932 Z=-240.378), Max=(X=-768.391 Y=3304.932 Z=433.484) RuntimeGrid:None EditorOnly:0 RuntimeOnly:0 HLODRelevant:1
 |   |   |- [+] [ 24]
 |   |   |   |- Guid:DD65C76947BD98660734D0A6E7A84636 BaseClass: NativeClass:/Script/Engine.StaticMeshActor Name:StaticMeshActor_UAID_7C8AE15B0B87495F01_1479783335 Label:Cube5 SpatiallyLoaded:1 Bounds:IsValid=true, Min=(X=1271.478 Y=2089.558 Z=1363.996), Max=(X=1428.522 Y=2230.442 Z=1536.004) RuntimeGrid:None EditorOnly:0 RuntimeOnly:0 HLODRelevant:1
 |   |   |- [+] [ 25]
 |   |   |   |- Guid:54EC4EF5432DAFF2C1989390EE5D1633 BaseClass: NativeClass:/Script/Engine.StaticMeshActor Name:StaticMeshActor_UAID_7C8AE15B0B87495F01_1493776336 Label:Cube6 SpatiallyLoaded:1 Bounds:IsValid=true, Min=(X=2466.125 Y=2023.030 Z=1191.615), Max=(X=2964.444 Y=2496.971 Z=1754.728) RuntimeGrid:None EditorOnly:0 RuntimeOnly:0 HLODRelevant:1
 |   |   |- [+] [ 26]
 |   |   |   |- Guid:5DE3DA9A46F139F3F886F795F87464B7 BaseClass: NativeClass:/Script/Engine.StaticMeshActor Name:StaticMeshActor_UAID_7C8AE15B0B87495F01_1509839337 Label:Sphere2 SpatiallyLoaded:1 Bounds:IsValid=true, Min=(X=-1253.150 Y=1767.500 Z=569.176), Max=(X=-606.850 Y=1992.500 Z=1190.824) RuntimeGrid:None EditorOnly:0 RuntimeOnly:0 HLODRelevant:1
 |   |   |- [+] [ 27]
 |   |   |   |- Guid:7BF35F484A458A1BE0960AA0F6F44E58 BaseClass: NativeClass:/Script/Engine.StaticMeshActor Name:StaticMeshActor_UAID_7C8AE15B0B87495F01_1511793338 Label:Sphere3 SpatiallyLoaded:1 Bounds:IsValid=true, Min=(X=-1253.150 Y=1569.581 Z=594.026), Max=(X=-606.850 Y=2190.419 Z=1165.974) RuntimeGrid:None EditorOnly:0 RuntimeOnly:0 HLODRelevant:1
 |   |   |- [+] [ 28]
 |   |   |   |- Guid:A2D7F666459DA6F106DA7DB118B8DF51 BaseClass: NativeClass:/Script/Engine.StaticMeshActor Name:StaticMeshActor_UAID_7C8AE15B0B87495F01_1513823339 Label:Sphere4 SpatiallyLoaded:1 Bounds:IsValid=true, Min=(X=-1149.743 Y=1547.629 Z=594.026), Max=(X=-710.257 Y=2212.371 Z=1165.974) RuntimeGrid:None EditorOnly:0 RuntimeOnly:0 HLODRelevant:1
 |   |   |- [+] [ 29]
 |   |   |   |- Guid:6537C1EC46642FE65484B3A05C770FF0 BaseClass: NativeClass:/Script/Engine.StaticMeshActor Name:StaticMeshActor_UAID_7C8AE15B0B87495F01_1522289340 Label:Cone SpatiallyLoaded:1 Bounds:IsValid=true, Min=(X=377.268 Y=4692.500 Z=1297.268), Max=(X=1162.732 Y=5267.500 Z=2082.732) RuntimeGrid:None EditorOnly:0 RuntimeOnly:0 HLODRelevant:1
 |   |   |- [+] [ 30]
 |   |   |   |- Guid:FD4947FD48A3AA825FA2D185F21AAF0D BaseClass: NativeClass:/Script/Engine.StaticMeshActor Name:StaticMeshActor_UAID_7C8AE15B0B87495F01_1547624341 Label:Cone2 SpatiallyLoaded:1 Bounds:IsValid=true, Min=(X=2444.961 Y=4692.500 Z=1284.961), Max=(X=3255.039 Y=5267.500 Z=2095.039) RuntimeGrid:None EditorOnly:0 RuntimeOnly:0 HLODRelevant:1
 |   |   |- [+] [ 31]
 |   |   |   |- Guid:1557160243594C2D8D779595BD2228C1 BaseClass: NativeClass:/Script/Engine.StaticMeshActor Name:StaticMeshActor_UAID_7C8AE15B0B87495F01_1556383342 Label:Cube7 SpatiallyLoaded:1 Bounds:IsValid=true, Min=(X=1828.418 Y=4407.736 Z=132.734), Max=(X=2483.780 Y=5022.559 Z=867.856) RuntimeGrid:None EditorOnly:0 RuntimeOnly:0 HLODRelevant:1
 |   |   |- [+] [ 32]
 |   |   |   |- Guid:8778AE3B48D23C42D5F28C9A725F2586 BaseClass: NativeClass:/Script/Engine.StaticMeshActor Name:StaticMeshActor_UAID_7C8AE15B0B87495F01_1572231343 Label:Cylinder SpatiallyLoaded:1 Bounds:IsValid=true, Min=(X=1063.148 Y=-851.871 Z=182.437), Max=(X=1313.148 Y=-601.871 Z=432.437) RuntimeGrid:None EditorOnly:0 RuntimeOnly:0 HLODRelevant:1
 |   |   |- [+] [ 33]
 |   |   |   |- Guid:A4A6D0E94136C95221083B9F79328008 BaseClass: NativeClass:/Script/Engine.StaticMeshActor Name:StaticMeshActor_UAID_7C8AE15B0B87495F01_1596023344 Label:Cylinder2 SpatiallyLoaded:1 Bounds:IsValid=true, Min=(X=-1019.162 Y=-642.819 Z=-44.076), Max=(X=-594.162 Y=-44.065 Z=554.678) RuntimeGrid:None EditorOnly:0 RuntimeOnly:0 HLODRelevant:1
 |   |   |- [+] [ 34]
 |   |   |   |- Guid:F1F842A2406DD1417CFC8F960F61E4C3 BaseClass: NativeClass:/Script/Engine.StaticMeshActor Name:StaticMeshActor_UAID_7C8AE15B0B87495F01_1608403345 Label:Cube8 SpatiallyLoaded:1 Bounds:IsValid=true, Min=(X=5086.125 Y=2023.030 Z=1191.615), Max=(X=5584.444 Y=2496.971 Z=1754.728) RuntimeGrid:None EditorOnly:0 RuntimeOnly:0 HLODRelevant:1
 |   |   |- [+] [ 35]
 |   |   |   |- Guid:A8D324174759A0F6BDA2CCBF622C56BA BaseClass: NativeClass:/Script/Engine.StaticMeshActor Name:StaticMeshActor_UAID_7C8AE15B0B87495F01_1627658346 Label:Cube9 SpatiallyLoaded:1 Bounds:IsValid=true, Min=(X=4634.623 Y=1617.991 Z=-1362.909), Max=(X=6035.945 Y=2902.010 Z=189.252) RuntimeGrid:None EditorOnly:0 RuntimeOnly:0 HLODRelevant:1
 |   |   |- [+] [ 36]
 |   |   |   |- Guid:9CCC7A6F44A28793E41E0E90027EE5BD BaseClass: NativeClass:/Script/Engine.StaticMeshActor Name:StaticMeshActor_UAID_7C8AE15B0B87495F01_1638677347 Label:Cone3 SpatiallyLoaded:1 Bounds:IsValid=true, Min=(X=4076.902 Y=4477.366 Z=-301.248), Max=(X=4813.886 Y=5052.366 Z=435.737) RuntimeGrid:None EditorOnly:0 RuntimeOnly:0 HLODRelevant:1
 |   |   |- [+] [ 37]
 |   |   |   |- Guid:14188F3C4CA6628E1F1D258E5012B6DA BaseClass: NativeClass:/Script/Engine.StaticMeshActor Name:StaticMeshActor_UAID_7C8AE15B0B87495F01_1660148348 Label:Cylinder3 SpatiallyLoaded:1 Bounds:IsValid=true, Min=(X=2127.989 Y=-87.871 Z=1151.672), Max=(X=2377.989 Y=162.129 Z=1401.672) RuntimeGrid:None EditorOnly:0 RuntimeOnly:0 HLODRelevant:1
 |   |   |- [+] [ 38]
 |   |   |   |- Guid:BA8465A84F04131F715F97AB909EC55E BaseClass: NativeClass:/Script/Engine.StaticMeshActor Name:StaticMeshActor_UAID_7C8AE15B0B87495F01_1667183349 Label:Cube10 SpatiallyLoaded:1 Bounds:IsValid=true, Min=(X=2466.125 Y=603.030 Z=2441.615), Max=(X=2964.444 Y=1076.971 Z=3004.728) RuntimeGrid:None EditorOnly:0 RuntimeOnly:0 HLODRelevant:1
 |   |   |- [+] [ 39]
 |   |   |   |- Guid:7677FD134C3C213F1F6D9DA7A54AC7CF BaseClass: NativeClass:/Script/Engine.StaticMeshActor Name:StaticMeshActor_UAID_7C8AE15B0B87495F01_1674146350 Label:Cube11 SpatiallyLoaded:1 Bounds:IsValid=true, Min=(X=3038.128 Y=-133.961 Z=1144.334), Max=(X=4439.450 Y=1150.058 Z=2696.495) RuntimeGrid:None EditorOnly:0 RuntimeOnly:0 HLODRelevant:1
 |   |   |- [+] [ 40]
 |   |   |   |- Guid:3693B4D8436410E7D20E7B8ABF6411E5 BaseClass: NativeClass:/Script/Engine.StaticMeshActor Name:StaticMeshActor_UAID_7C8AE15B0B87495F01_1678261351 Label:Cone4 SpatiallyLoaded:1 Bounds:IsValid=true, Min=(X=-1318.158 Y=4198.438 Z=3046.193), Max=(X=759.869 Y=5673.438 Z=5124.220) RuntimeGrid:None EditorOnly:0 RuntimeOnly:0 HLODRelevant:1
 |   |   |- [+] [ 41]
 |   |   |   |- Guid:55D165AD40034DF393A4E9B08BE2C34C BaseClass: NativeClass:/Script/Engine.StaticMeshActor Name:StaticMeshActor_UAID_7C8AE15B0B87495F01_1684829352 Label:Cube12 SpatiallyLoaded:1 Bounds:IsValid=true, Min=(X=461.984 Y=2268.525 Z=887.073), Max=(X=1050.900 Y=2796.837 Z=1532.105) RuntimeGrid:None EditorOnly:0 RuntimeOnly:0 HLODRelevant:1
 |   |   |- [+] [ 42]
 |   |   |   |- Guid:6F742263489264D371DCC9BA3628B83E BaseClass: NativeClass:/Script/Engine.StaticMeshActor Name:StaticMeshActor_UAID_7C8AE15B0B87495F01_1693602353 Label:Sphere5 SpatiallyLoaded:1 Bounds:IsValid=true, Min=(X=-575.194 Y=2577.061 Z=323.437), Max=(X=71.106 Y=2802.061 Z=945.086) RuntimeGrid:None EditorOnly:0 RuntimeOnly:0 HLODRelevant:1
 |   |   |- [+] [ 43]
 |   |   |   |- Guid:6D1688614F58146915490D846CFB7CFE BaseClass: NativeClass:/Script/Engine.StaticMeshActor Name:StaticMeshActor_UAID_7C8AE15B0B87495F01_1742739354 Label:Cone5 SpatiallyLoaded:1 Bounds:IsValid=true, Min=(X=423.337 Y=-6335.157 Z=891.040), Max=(X=2888.793 Y=-4585.157 Z=3356.496) RuntimeGrid:None EditorOnly:0 RuntimeOnly:0 HLODRelevant:1
 |   |   |- [+] [ 44]
 |   |   |   |- Guid:C44414E14FF8ADFB60089C9BBEE608B5 BaseClass: NativeClass:/Script/Engine.StaticMeshActor Name:StaticMeshActor_UAID_7C8AE15B0B87495F01_1752718355 Label:Cone6 SpatiallyLoaded:1 Bounds:IsValid=true, Min=(X=860.208 Y=-4337.594 Z=4596.008), Max=(X=3669.930 Y=-1437.220 Z=7292.726) RuntimeGrid:None EditorOnly:0 RuntimeOnly:0 HLODRelevant:1
 |- ContainerInstances:
 |- [+] MainContainer:
 |   |-        ID: 0x0000000000000000
 |   |-    Bounds: IsValid=false, Min=(X=0.000 Y=0.000 Z=0.000), Max=(X=0.000 Y=0.000 Z=0.000)
 |   |- Transform: 0.000000,0.000000,0.000000|0.000000,0.000000,-0.000000|1.000000,1.000000,1.000000
 |   |- Container: /Game/ThirdPerson/Maps/ThirdPersonMap
----------------------------------------------------------------------------------------------------------------
ThirdPersonMap - Persistent Level
----------------------------------------------------------------------------------------------------------------
Always loaded Actor Count: 53 

----------------------------------------------------------------------------------------------------------------
ThirdPersonMap - Runtime Spatial Hash - Streaming Grid - MainGrid
----------------------------------------------------------------------------------------------------------------
            Origin: X=0.000 Y=0.000 Z=0.000
         Cell Size: 12800
      World Bounds: IsValid=false, Min=(X=0.000 Y=0.000 Z=0.000), Max=(X=0.000 Y=0.000 Z=0.000)
     Loading Range: 25600.00
Block Slow Loading: No
 ClientOnlyVisible: No

[+] Grid Levels: 1
 |- Level  0: Cell Count    0 | Cell Size   12800 | Actor Count    0 (0.0%)

[+] Content of Grid Level 0

